# JRE version: OpenJDK Runtime Environment (17.0.20+8) (build 17.0.20+8-1-deb12u1-Debian)
# Java VM: OpenJDK 64-Bit Server VM (17.0.20+8-1-deb12u1-Debian, mixed mode, sharing, tiered, compressed oops, compressed class ptrs, g1 gc, linux-amd64)
GC Precious Log:
 CPUs: 2 total, 2 available
 Memory: 2048M
 Large Page Support: Disabled
 NUMA Support: Disabled
 Compressed Oops: Enabled (32-bit)
 Heap Region Size: 1M
 Heap Min Capacity: 8M
 Heap Initial Capacity: 32M
 Heap Max Capacity: 512M
 Pre-touch: Disabled
 Parallel Workers: 2
 Concurrent Workers: 1
 Concurrent Refinement Workers: 2
 Periodic GC: Disabled
Heap:
 garbage-first heap   total 53248K, used 30025K [0x00000000e0000000, 0x0000000100000000)
  region size 1024K, 2 young (2048K), 2 survivors (2048K)
 Metaspace       used 36588K, committed 36800K, reserved 1114112K
  class space    used 4518K, committed 4608K, reserved 1048576K
GC Heap History (20 events):
Event: 3.035 GC heap after
{Heap after GC invocations=11 (full 0):
 garbage-first heap   total 43008K, used 16320K [0x00000000e0000000, 0x0000000100000000)
  region size 1024K, 1 young (1024K), 1 survivors (1024K)
 Metaspace       used 22407K, committed 22592K, reserved 1114112K
  class space    used 3076K, committed 3136K, reserved 1048576K
}
Event: 3.453 GC heap before
{Heap before GC invocations=11 (full 0):
 garbage-first heap   total 43008K, used 29632K [0x00000000e0000000, 0x0000000100000000)
  region size 1024K, 14 young (14336K), 1 survivors (1024K)
 Metaspace       used 24949K, committed 25216K, reserved 1114112K
  class space    used 3321K, committed 3456K, reserved 1048576K
}
Event: 3.457 GC heap after
{Heap after GC invocations=12 (full 0):
 garbage-first heap   total 43008K, used 17600K [0x00000000e0000000, 0x0000000100000000)
  region size 1024K, 2 young (2048K), 2 survivors (2048K)
 Metaspace       used 24949K, committed 25216K, reserved 1114112K
  class space    used 3321K, committed 3456K, reserved 1048576K
}
Event: 3.752 GC heap before
{Heap before GC invocations=12 (full 0):
 garbage-first heap   total 43008K, used 28864K [0x00000000e0000000, 0x0000000100000000)
  region size 1024K, 14 young (14336K), 2 survivors (2048K)
 Metaspace       used 27272K, committed 27520K, reserved 1114112K
  class space    used 3503K, committed 3648K, reserved 1048576K
}
Event: 3.757 GC heap after
{Heap after GC invocations=13 (full 0):
 garbage-first heap   total 43008K, used 19498K [0x00000000e0000000, 0x0000000100000000)
  region size 1024K, 2 young (2048K), 2 survivors (2048K)
 Metaspace       used 27272K, committed 27520K, reserved 1114112K
  class space    used 3503K, committed 3648K, reserved 1048576K
}
Event: 4.325 GC heap before
{Heap before GC invocations=13 (full 0):
 garbage-first heap   total 43008K, used 30762K [0x00000000e0000000, 0x0000000100000000)
  region size 1024K, 13 young (13312K), 2 survivors (2048K)
 Metaspace       used 30307K, committed 30592K, reserved 1114112K
  class space    used 3811K, committed 3968K, reserved 1048576K
}
Event: 4.329 GC heap after
{Heap after GC invocations=14 (full 0):
 garbage-first heap   total 43008K, used 19962K [0x00000000e0000000, 0x0000000100000000)
  region size 1024K, 2 young (2048K), 2 survivors (2048K)
 Metaspace       used 30307K, committed 30592K, reserved 1114112K
  class space    used 3811K, committed 3968K, reserved 1048576K
}
Event: 4.898 GC heap before
{Heap before GC invocations=15 (full 0):
 garbage-first heap   total 43008K, used 29178K [0x00000000e0000000, 0x0000000100000000)
  region size 1024K, 12 young (12288K), 2 survivors (2048K)
 Metaspace       used 32651K, committed 32896K, reserved 1114112K
  class space    used 4117K, committed 4224K, reserved 1048576K
}
Event: 4.903 GC heap after
{Heap after GC invocations=16 (full 0):
 garbage-first heap   total 43008K, used 21088K [0x00000000e0000000, 0x0000000100000000)
  region size 1024K, 2 young (2048K), 2 survivors (2048K)
 Metaspace       used 32651K, committed 32896K, reserved 1114112K
  class space    used 4117K, committed 4224K, reserved 1048576K
}
Event: 5.134 GC heap before
{Heap before GC invocations=16 (full 0):
 garbage-first heap   total 43008K, used 26208K [0x00000000e0000000, 0x0000000100000000)
  region size 1024K, 8 young (8192K), 2 survivors (2048K)
 Metaspace       used 33680K, committed 33984K, reserved 1114112K
  class space    used 4234K, committed 4352K, reserved 1048576K
}
Event: 5.139 GC heap after
{Heap after GC invocations=17 (full 0):
 garbage-first heap   total 43008K, used 21640K [0x00000000e0000000, 0x0000000100000000)
  region size 1024K, 1 young (1024K), 1 survivors (1024K)
 Metaspace       used 33680K, committed 33984K, reserved 1114112K
  class space    used 4234K, committed 4352K, reserved 1048576K
}
Event: 5.617 GC heap before
{Heap before GC invocations=18 (full 0):
 garbage-first heap   total 46080K, used 32904K [0x00000000e0000000, 0x0000000100000000)
  region size 1024K, 11 young (11264K), 1 survivors (1024K)
 Metaspace       used 34953K, committed 35200K, reserved 1114112K
  class space    used 4368K, committed 4480K, reserved 1048576K
}
Event: 5.622 GC heap after
{Heap after GC invocations=19 (full 0):
 garbage-first heap   total 46080K, used 25740K [0x00000000e0000000, 0x0000000100000000)
  region size 1024K, 2 young (2048K), 2 survivors (2048K)
 Metaspace       used 34953K, committed 35200K, reserved 1114112K
  class space    used 4368K, committed 4480K, reserved 1048576K
}
Event: 5.802 GC heap before
{Heap before GC invocations=20 (full 0):
 garbage-first heap   total 53248K, used 33932K [0x00000000e0000000, 0x0000000100000000)
  region size 1024K, 10 young (10240K), 2 survivors (2048K)
 Metaspace       used 35039K, committed 35264K, reserved 1114112K
  class space    used 4368K, committed 4480K, reserved 1048576K
}
Event: 5.811 GC heap after
{Heap after GC invocations=21 (full 0):
 garbage-first heap   total 53248K, used 28041K [0x00000000e0000000, 0x0000000100000000)
  region size 1024K, 2 young (2048K), 2 survivors (2048K)
 Metaspace       used 35039K, committed 35264K, reserved 1114112K
  class space    used 4368K, committed 4480K, reserved 1048576K
}
Event: 5.903 GC heap before
{Heap before GC invocations=21 (full 0):
 garbage-first heap   total 53248K, used 39305K [0x00000000e0000000, 0x0000000100000000)
  region size 1024K, 13 young (13312K), 2 survivors (2048K)
 Metaspace       used 35085K, committed 35328K, reserved 1114112K
  class space    used 4368K, committed 4480K, reserved 1048576K
}
Event: 5.906 GC heap after
{Heap after GC invocations=22 (full 0):
 garbage-first heap   total 53248K, used 27441K [0x00000000e0000000, 0x0000000100000000)
  region size 1024K, 1 young (1024K), 1 survivors (1024K)
 Metaspace       used 35085K, committed 35328K, reserved 1114112K
  class space    used 4368K, committed 4480K, reserved 1048576K
}
Event: 6.044 GC heap before
{Heap before GC invocations=23 (full 0):
 garbage-first heap   total 53248K, used 39729K [0x00000000e0000000, 0x0000000100000000)
  region size 1024K, 13 young (13312K), 1 survivors (1024K)
 Metaspace       used 35212K, committed 35392K, reserved 1114112K
  class space    used 4376K, committed 4480K, reserved 1048576K
}
Event: 6.047 GC heap after
{Heap after GC invocations=24 (full 0):
 garbage-first heap   total 53248K, used 27635K [0x00000000e0000000, 0x0000000100000000)
  region size 1024K, 2 young (2048K), 2 survivors (2048K)
 Metaspace       used 35212K, committed 35392K, reserved 1114112K
  class space    used 4376K, committed 4480K, reserved 1048576K
}
Event: 6.611 GC heap before
{Heap before GC invocations=24 (full 0):
 garbage-first heap   total 53248K, used 39923K [0x00000000e0000000, 0x0000000100000000)
  region size 1024K, 14 young (14336K), 2 survivors (2048K)
 Metaspace       used 36588K, committed 36800K, reserved 1114112K
  class space    used 4518K, committed 4608K, reserved 1048576K
}

